2026-03-24 20:58:11,129 INFO __main__ Main pipeline started
2026-03-24 20:58:11,129 INFO src.data_loader Starting data loading from file
2026-03-24 20:58:11,139 INFO src.data_loader Data loaded successfully
2026-03-24 20:58:11,139 INFO src.preprocess Starting data cleaning
2026-03-24 20:58:11,168 INFO src.preprocess Data cleaning completed successfully
2026-03-24 20:58:11,168 INFO src.preprocess Splitting features and target
2026-03-24 20:58:11,168 INFO src.preprocess Starting train test split
2026-03-24 20:58:11,168 INFO src.preprocess Train test split completed successfully
2026-03-24 20:58:11,168 INFO src.train Model training started
2026-03-24 20:58:11,191 INFO src.train Model training completed successfully
2026-03-24 20:58:11,191 INFO src.train Artifacts saved successfully
2026-03-24 20:58:11,191 INFO src.evaluate Model evaluation started
2026-03-24 20:58:11,202 INFO src.evaluate Model evaluation completed successfully
2026-03-24 20:58:11,203 INFO __main__ Main pipeline completed successfully
2026-03-24 21:05:19,135 INFO src.predict Model and feature columns loaded successfully
2026-03-24 21:06:33,189 INFO src.predict Model and feature columns loaded successfully
2026-03-24 21:08:06,749 INFO src.predict Model and feature columns loaded successfully
2026-03-24 21:09:32,061 INFO src.predict Model and feature columns loaded successfully
2026-03-24 21:09:36,880 INFO src.predict Model and feature columns loaded successfully
2026-03-24 21:09:41,154 INFO src.predict Model and feature columns loaded successfully
